This file contains any messages produced by compilers while
running configure, to aid debugging if configure makes a mistake.

It was created by configure, which was
generated by GNU Autoconf 2.59.  Invocation command line was

  $ ./configure 

## --------- ##
## Platform. ##
## --------- ##

hostname = shakey.mcs.anl.gov
uname -m = i686
uname -r = 2.4.30-mcs-x86
uname -s = Linux
uname -v = #1 SMP Thu Apr 14 16:10:15 CDT 2005

/usr/bin/uname -p = unknown
/bin/uname -X     = unknown

/bin/arch              = i686
/usr/bin/arch -k       = unknown
/usr/convex/getsysinfo = unknown
hostinfo               = 
Usage: hostbase -q <field>=[=]<value> [and/or <field>=<value> [--long option]]
       hostbase --showfields	shows all data fields
       hostbase --allhosts	lists all hosts in hostbase

    long options:
	 --fields f1 f2 ...	specifies the fields displayed from the queried hosts
	 --summary		prints out a predetermined set of fields for each host
				returned
	 --ping			uses fping to ping all queried hosts
	 --showfields		shows all data fields
/bin/machine           = unknown
/usr/bin/oslevel       = unknown
/bin/universe          = unknown

PATH: /sandbox/thakur/mpich2-install/bin
PATH: /bin
PATH: /usr/bin
PATH: /usr/sbin
PATH: /usr/X11R6/bin
PATH: /sbin
PATH: /usr/local/bin
PATH: /usr/local/sbin
PATH: /mcs/bin
PATH: /software/common/bin
PATH: /soft/apps/bin
PATH: /soft/gnu/bin
PATH: /soft/com/bin
PATH: /soft/adm/bin
PATH: /homes/thakur/bin/linux-debian_3.1-ia32
PATH: /homes/thakur/bin
PATH: .
PATH: /soft/com/packages/pgi-5.2/linux86/5.2/bin
PATH: /soft/com/packages/intel-8.1/bin
PATH: /usr/local/totalview/bin
PATH: /usr/local/req/romio-maint/bin
PATH: /usr/local/req/mpi-maint/bin
PATH: /homes/gropp/bin/linux


## ----------- ##
## Core tests. ##
## ----------- ##

configure:1227: checking for perl
configure:1245: found /usr/bin/perl
configure:1257: result: /usr/bin/perl
configure:1420: creating ./config.status

## ---------------------- ##
## Running config.status. ##
## ---------------------- ##

This file was extended by config.status, which was
generated by GNU Autoconf 2.59.  Invocation command line was

  CONFIG_FILES    = 
  CONFIG_HEADERS  = 
  CONFIG_LINKS    = 
  CONFIG_COMMANDS = 
  $ ./config.status 

on shakey.mcs.anl.gov

config.status:688: creating simplemake
config.status:688: creating checkbuilds
config.status:688: creating getcoverage
config.status:688: creating genstates
config.status:688: creating clmake
config.status:688: creating f77tof90
config.status:688: creating extractstrings
config.status:688: creating extractstates
config.status:688: creating extractfixme
config.status:688: creating createcoverage
config.status:832: executing default-1 commands

## ---------------- ##
## Cache variables. ##
## ---------------- ##

ac_cv_env_build_alias_set=
ac_cv_env_build_alias_value=
ac_cv_env_host_alias_set=
ac_cv_env_host_alias_value=
ac_cv_env_target_alias_set=
ac_cv_env_target_alias_value=
ac_cv_path_PERL=/usr/bin/perl

## ----------------- ##
## Output variables. ##
## ----------------- ##

DEFS='-DPACKAGE_NAME=\"\" -DPACKAGE_TARNAME=\"\" -DPACKAGE_VERSION=\"\" -DPACKAGE_STRING=\"\" -DPACKAGE_BUGREPORT=\"\" '
ECHO_C=''
ECHO_N='-n'
ECHO_T=''
LIBOBJS=''
LIBS=''
LTLIBOBJS=''
PACKAGE_BUGREPORT=''
PACKAGE_NAME=''
PACKAGE_STRING=''
PACKAGE_TARNAME=''
PACKAGE_VERSION=''
PATH_SEPARATOR=':'
PERL='/usr/bin/perl'
SHELL='/bin/sh'
VERSION='1.0.6p1'
XARGS_NODATA_OPT='-r'
abs_mpich2srcdir='/sandbox/thakur/1.0.6p1/mpich2/tmpdir/mpich2-1.0.6p1'
bindir='${exec_prefix}/bin'
build_alias=''
datadir='${prefix}/share'
exec_prefix='${prefix}'
host_alias=''
includedir='${prefix}/include'
infodir='${prefix}/info'
libdir='${exec_prefix}/lib'
libexecdir='${exec_prefix}/libexec'
localstatedir='${prefix}/var'
mandir='${prefix}/man'
oldincludedir='/usr/include'
prefix='/usr/local'
program_transform_name='s,x,x,'
sbindir='${exec_prefix}/sbin'
sharedstatedir='${prefix}/com'
sysconfdir='${prefix}/etc'
target_alias=''

## ----------- ##
## confdefs.h. ##
## ----------- ##

#define PACKAGE_BUGREPORT ""
#define PACKAGE_NAME ""
#define PACKAGE_STRING ""
#define PACKAGE_TARNAME ""
#define PACKAGE_VERSION ""

configure: exit 0
