This is pdfeTeXk, Version 3.141592-1.11b-2.1 (Web2C 7.5.2) (format=pdflatex 2004.10.13)  30 OCT 2006 16:28
entering extended mode
\write18 enabled.
 %&-line parsing enabled.
 (/private/var/automount/usr/local/teTeX/share/texmf.tetex/web2c/cp8bit.tcx)
**description.tex
(./description.tex{/private/var/automount/usr/local/teTeX/share/texmf.local/pdf
tex/config/pdftex.cfg}
LaTeX2e <2001/06/01>
Babel <v3.7h> and hyphenation patterns for american, french, german, ngerman, n
ohyphenation, loaded.

(/private/var/automount/usr/local/teTeX/share/texmf.tetex/tex/latex/base/book.c
ls
Document Class: book 2001/04/21 v1.4e Standard LaTeX document class

(/private/var/automount/usr/local/teTeX/share/texmf.tetex/tex/latex/base/bk12.c
lo
File: bk12.clo 2001/04/21 v1.4e Standard LaTeX file (size option)
)
\c@part=\count79
\c@chapter=\count80
\c@section=\count81
\c@subsection=\count82
\c@subsubsection=\count83
\c@paragraph=\count84
\c@subparagraph=\count85
\c@figure=\count86
\c@table=\count87
\abovecaptionskip=\skip41
\belowcaptionskip=\skip42
\bibindent=\dimen102
)
(/private/var/automount/usr/local/teTeX/share/texmf.tetex/tex/latex/graphics/gr
aphicx.sty
Package: graphicx 1999/02/16 v1.0f Enhanced LaTeX Graphics (DPC,SPQR)

(/private/var/automount/usr/local/teTeX/share/texmf.tetex/tex/latex/graphics/ke
yval.sty
Package: keyval 1999/03/16 v1.13 key=value parser (DPC)
\KV@toks@=\toks14
)
(/private/var/automount/usr/local/teTeX/share/texmf.tetex/tex/latex/graphics/gr
aphics.sty
Package: graphics 2001/07/07 v1.0n Standard LaTeX Graphics (DPC,SPQR)

(/private/var/automount/usr/local/teTeX/share/texmf.tetex/tex/latex/graphics/tr
ig.sty
Package: trig 1999/03/16 v1.09 sin cos tan (DPC)
)
(/private/var/automount/usr/local/teTeX/share/texmf.tetex/tex/latex/config/grap
hics.cfg
File: graphics.cfg 2001/08/31 v1.1 graphics configuration of teTeX/TeXLive
)
Package graphics Info: Driver file: pdftex.def on input line 80.

(/private/var/automount/usr/local/teTeX/share/texmf.tetex/tex/latex/graphics/pd
ftex.def
File: pdftex.def 2002/06/19 v0.03k graphics/color for pdftex
\Gread@gobject=\count88
))
\Gin@req@height=\dimen103
\Gin@req@width=\dimen104
)
(/private/var/automount/usr/local/teTeX/share/texmf.tetex/tex/latex/graphics/ep
sfig.sty
Package: epsfig 1999/02/16 v1.7a (e)psfig emulation (SPQR)
\epsfxsize=\dimen105
\epsfysize=\dimen106
)
(/private/var/automount/usr/local/teTeX/share/texmf.tetex/tex/latex/misc/wrapfi
g.sty
\wrapoverhang=\dimen107
\WF@size=\dimen108
\c@WF@wrappedlines=\count89
\WF@box=\box26
\WF@everypar=\toks15
Package: wrapfig 2003/01/31  v 3.6
)
(/private/var/automount/usr/local/teTeX/share/texmf.tetex/tex/latex/amsmath/ams
math.sty
Package: amsmath 2000/07/18 v2.13 AMS math features
\@mathmargin=\skip43

For additional information on amsmath, use the `?' option.

(/private/var/automount/usr/local/teTeX/share/texmf.tetex/tex/latex/amsmath/ams
text.sty
Package: amstext 2000/06/29 v2.01

(/private/var/automount/usr/local/teTeX/share/texmf.tetex/tex/latex/amsmath/ams
gen.sty
File: amsgen.sty 1999/11/30 v2.0
\@emptytoks=\toks16
\ex@=\dimen109
))
(/private/var/automount/usr/local/teTeX/share/texmf.tetex/tex/latex/amsmath/ams
bsy.sty
Package: amsbsy 1999/11/29 v1.2d
\pmbraise@=\dimen110
)
(/private/var/automount/usr/local/teTeX/share/texmf.tetex/tex/latex/amsmath/ams
opn.sty
Package: amsopn 1999/12/14 v2.01 operator names
)
\inf@bad=\count90
LaTeX Info: Redefining \frac on input line 211.
\uproot@=\count91
\leftroot@=\count92
LaTeX Info: Redefining \overline on input line 307.
\classnum@=\count93
\DOTSCASE@=\count94
LaTeX Info: Redefining \ldots on input line 379.
LaTeX Info: Redefining \dots on input line 382.
LaTeX Info: Redefining \cdots on input line 467.
\Mathstrutbox@=\box27
\strutbox@=\box28
\big@size=\dimen111
LaTeX Font Info:    Redeclaring font encoding OML on input line 567.
LaTeX Font Info:    Redeclaring font encoding OMS on input line 568.
\macc@depth=\count95
\c@MaxMatrixCols=\count96
\dotsspace@=\muskip10
\c@parentequation=\count97
\dspbrk@lvl=\count98
\tag@help=\toks17
\row@=\count99
\column@=\count100
\maxfields@=\count101
\andhelp@=\toks18
\eqnshift@=\dimen112
\alignsep@=\dimen113
\tagshift@=\dimen114
\tagwidth@=\dimen115
\totwidth@=\dimen116
\lineht@=\dimen117
\@envbody=\toks19
\multlinegap=\skip44
\multlinetaggap=\skip45
\mathdisplay@stack=\toks20
LaTeX Info: Redefining \[ on input line 2666.
LaTeX Info: Redefining \] on input line 2667.
)
(/private/var/automount/usr/local/teTeX/share/texmf.tetex/tex/latex/amsfonts/am
ssymb.sty
Package: amssymb 2002/01/22 v2.2d

(/private/var/automount/usr/local/teTeX/share/texmf.tetex/tex/latex/amsfonts/am
sfonts.sty
Package: amsfonts 2001/10/25 v2.2f
\symAMSa=\mathgroup4
\symAMSb=\mathgroup5
LaTeX Font Info:    Overwriting math alphabet `\mathfrak' in version `bold'
(Font)                  U/euf/m/n --> U/euf/b/n on input line 132.
))
(/private/var/automount/usr/local/teTeX/share/texmf.tetex/tex/latex/natbib/natb
ib.sty
Package: natbib 2000/07/24 7.0a (PWD)
\bibhang=\skip46
\bibsep=\skip47
LaTeX Info: Redefining \cite on input line 508.
\c@NAT@ctr=\count102
)
(/private/var/automount/usr/local/teTeX/share/texmf.tetex/tex/latex/misc/change
bar.sty
Package: changebar 2001/09/04 v3.4d Indicate changes with marginal bars
\cb@nextpoint=\count103
\cb@topleft=\count104
\cb@topright=\count105
\cb@botleft=\count106
\cb@botright=\count107
\cb@curbarwd=\dimen118
\cb@page=\count108
\cb@pagecount=\count109
\cb@odd@left=\dimen119
\cb@odd@right=\dimen120
\cb@even@left=\dimen121
\cb@even@right=\dimen122
\changebarwidth=\skip48
\deletebarwidth=\skip49
\changebarsep=\skip50
\c@changebargrey=\count110
\cb@write=\write3
\cb@read=\read1
\openout3 = `description.cb'.

)
(/private/var/automount/usr/local/teTeX/share/texmf.tetex/tex/latex/fancyheadin
gs/fancyheadings.sty
\headrulewidth=\dimen123
\footrulewidth=\dimen124
\plainheadrulewidth=\dimen125
\plainfootrulewidth=\dimen126
\headwidth=\dimen127
\footruleskip=\dimen128
)
(/private/var/automount/usr/local/teTeX/share/texmf.tetex/tex/latex/hyperref/hy
perref.sty
Package: hyperref 2003/01/22 v6.73n Hypertext links for LaTeX
\@linkdim=\dimen129
\Hy@linkcounter=\count111
\Hy@pagecounter=\count112

(/private/var/automount/usr/local/teTeX/share/texmf.tetex/tex/latex/hyperref/pd
1enc.def
File: pd1enc.def 2003/01/22 v6.73n Hyperref: PDFDocEncoding definition (HO)
)
(/private/var/automount/usr/local/teTeX/share/texmf.tetex/tex/latex/config/hype
rref.cfg
File: hyperref.cfg 2002/06/06 v1.2 hyperref configuration of TeXLive and teTeX
)
Package hyperref Info: Option `colorlinks' set `true' on input line 1744.
Package hyperref Info: Hyper figures OFF on input line 1792.
Package hyperref Info: Link nesting OFF on input line 1797.
Package hyperref Info: Hyper index ON on input line 1800.
Package hyperref Info: Plain pages ON on input line 1805.
Package hyperref Info: Backreferencing OFF on input line 1812.

Implicit mode ON; LaTeX internals redefined
Package hyperref Info: Bookmarks ON on input line 1916.

(/private/var/automount/usr/local/teTeX/share/texmf.tetex/tex/latex/misc/url.st
y
\Urlmuskip=\muskip11
Package: url 1999/03/28  ver 1.5x  Verb mode for urls, etc.
)
LaTeX Info: Redefining \url on input line 2055.
\Fld@menulength=\count113
\Field@Width=\dimen130
\Fld@charsize=\dimen131
\Choice@toks=\toks21
\Field@toks=\toks22
Package hyperref Info: Hyper figures OFF on input line 2513.
Package hyperref Info: Link nesting OFF on input line 2518.
Package hyperref Info: Hyper index ON on input line 2521.
Package hyperref Info: backreferencing OFF on input line 2528.
Package hyperref Info: Link coloring ON on input line 2531.
\c@Item=\count114
\c@Hfootnote=\count115
)
*hyperref using default driver hpdftex*

(/private/var/automount/usr/local/teTeX/share/texmf.tetex/tex/latex/hyperref/hp
dftex.def
File: hpdftex.def 2003/01/22 v6.73n Hyperref driver for pdfTeX

(/private/var/automount/usr/local/teTeX/share/texmf.tetex/tex/latex/psnfss/pifo
nt.sty
Package: pifont 2002/09/08 PSNFSS-v9.0a Pi font support (SPQR) 
LaTeX Font Info:    Try loading font information for U+pzd on input line 62.

(/private/var/automount/usr/local/teTeX/share/texmf.tetex/tex/latex/psnfss/upzd
.fd
File: upzd.fd 2001/06/04 font definitions for U/pzd.
)
LaTeX Font Info:    Try loading font information for U+psy on input line 63.

(/private/var/automount/usr/local/teTeX/share/texmf.tetex/tex/latex/psnfss/upsy
.fd
File: upsy.fd 2001/06/04 font definitions for U/psy.
))
\Fld@listcount=\count116
\@outlinefile=\write4
) (./description.aux (./cover.aux) (./acknow.aux) (./intro.aux)
(./minim.aux) (./gen_be.aux) (./be_modeling.aux) (./obs.aux) (./radiances.aux)
(./radar.aux) (./diagnostics.aux) (./suites.aux) (./se.aux) (./appena.aux)
(./appenb.aux) (./appenc.aux))
\openout1 = `description.aux'.

LaTeX Font Info:    Checking defaults for OML/cmm/m/it on input line 58.
LaTeX Font Info:    ... okay on input line 58.
LaTeX Font Info:    Checking defaults for T1/cmr/m/n on input line 58.
LaTeX Font Info:    ... okay on input line 58.
LaTeX Font Info:    Checking defaults for OT1/cmr/m/n on input line 58.
LaTeX Font Info:    ... okay on input line 58.
LaTeX Font Info:    Checking defaults for OMS/cmsy/m/n on input line 58.
LaTeX Font Info:    ... okay on input line 58.
LaTeX Font Info:    Checking defaults for OMX/cmex/m/n on input line 58.
LaTeX Font Info:    ... okay on input line 58.
LaTeX Font Info:    Checking defaults for U/cmr/m/n on input line 58.
LaTeX Font Info:    ... okay on input line 58.
LaTeX Font Info:    Checking defaults for PD1/pdf/m/n on input line 58.
LaTeX Font Info:    ... okay on input line 58.

(/private/var/automount/usr/local/teTeX/share/texmf.tetex/tex/context/base/supp
-pdf.tex
(/private/var/automount/usr/local/teTeX/share/texmf.tetex/tex/context/base/supp
-mis.tex
loading : Context Support Macros / Missing
\protectiondepth=\count117
\scratchcounter=\count118
\scratchtoks=\toks23
\scratchdimen=\dimen132
\scratchskip=\skip51
\scratchmuskip=\muskip12
\scratchbox=\box29
\scratchread=\read2
\scratchwrite=\write5
\zeropoint=\dimen133
\minusone=\count119
\thousandpoint=\dimen134
\emptytoks=\toks24
\nextbox=\box30
\nextdepth=\dimen135
\everyline=\toks25
\!!counta=\count120
\!!countb=\count121
\recursecounter=\count122
)
loading : Context Support Macros / PDF
\nofMPsegments=\count123
\nofMParguments=\count124
\everyMPtoPDFconversion=\toks26
)
(/private/var/automount/usr/local/teTeX/share/texmf.tetex/tex/latex/graphics/co
lor.sty
Package: color 1999/02/16 v1.0i Standard LaTeX Color (DPC)
LaTeX Info: Redefining \color on input line 71.

(/private/var/automount/usr/local/teTeX/share/texmf.tetex/tex/latex/config/colo
r.cfg
File: color.cfg 2001/08/31 v1.1 color configuration of teTeX/TeXLive
)
Package color Info: Driver file: pdftex.def on input line 125.
)
Package hyperref Info: Link coloring ON on input line 58.

(/private/var/automount/usr/local/teTeX/share/texmf.tetex/tex/latex/hyperref/na
meref.sty
Package: nameref 2001/01/27 v2.19 Cross-referencing by name of section
\c@section@level=\count125
)
LaTeX Info: Redefining \ref on input line 58.
LaTeX Info: Redefining \pageref on input line 58.
 (./description.out) (./description.out)
\openout4 = `description.out'.

\openout2 = `cover.aux'.

 (./cover.tex
LaTeX Font Info:    Try loading font information for U+msa on input line 6.

(/private/var/automount/usr/local/teTeX/share/texmf.tetex/tex/latex/amsfonts/um
sa.fd
File: umsa.fd 2002/01/19 v2.2g AMS font definitions
)
LaTeX Font Info:    Try loading font information for U+msb on input line 6.

(/private/var/automount/usr/local/teTeX/share/texmf.tetex/tex/latex/amsfonts/um
sb.fd
File: umsb.fd 2002/01/19 v2.2g AMS font definitions
) [1



{/private/var/automount/usr/local/teTeX/share/texmf.local/fonts/map/pdftex/updm
ap/pdftex.map}]
Underfull \hbox (badness 10000) in paragraph at lines 44--51

 []

[2]) (./description.toc
! pdfTeX warning (ext4): destination with the same identifier (name{page.1}) ha
s been already used, duplicate ignored
<to be read again> 
                   \penalty 
l.30 ...rline {9}WRF Suite Scripts}{21}{chapter.9}
                                                   [1


])
\tf@toc=\write6
\openout6 = `description.toc'.


! pdfTeX warning (ext4): destination with the same identifier (name{page.2}) ha
s been already used, duplicate ignored
<to be read again> 
                   \penalty 
l.65 \listoffigures
                    [2] (./description.lof)
\tf@lof=\write7
\openout7 = `description.lof'.

 [3

] [4

] (./description.lot)
\tf@lot=\write8
\openout8 = `description.lot'.


[5]
\openout2 = `acknow.aux'.

 (./acknow.tex [6


]) [7] [8


]
\openout2 = `intro.aux'.

 (./intro.tex
Chapter 1.
)
! pdfTeX warning (ext4): destination with the same identifier (name{page.1}) ha
s been already used, duplicate ignored
<to be read again> 
                   \penalty 
l.73 \include{intro}
                     [1


]
\openout2 = `minim.aux'.

 (./minim.tex
! pdfTeX warning (ext4): destination with the same identifier (name{page.2}) ha
s been already used, duplicate ignored
<to be read again> 
                   \penalty 
l.1 \chapter
            {Minimization Algorithm} [2



]
Chapter 2.
)
! pdfTeX warning (ext4): destination with the same identifier (name{page.3}) ha
s been already used, duplicate ignored
<to be read again> 
                   \penalty 
l.74 \include{minim}
                     [3]
\openout2 = `gen_be.aux'.

 (./gen_be.tex
! pdfTeX warning (ext4): destination with the same identifier (name{page.4}) ha
s been already used, duplicate ignored
<to be read again> 
                   \penalty 
l.1 \chapter
            {Background Error Covariance Estimation} [4



]
Chapter 3.
! pdfTeX warning (ext4): destination with the same identifier (name{page.5}) ha
s been already used, duplicate ignored
<to be read again> 
                   \penalty 
l.14 
      [5]
! pdfTeX warning (ext4): destination with the same identifier (name{page.6}) ha
s been already used, duplicate ignored
<to be read again> 
                   \penalty 
l.49 
      [6]
LaTeX Font Info:    Try loading font information for OMS+cmr on input line 72.

(/private/var/automount/usr/local/teTeX/share/texmf.tetex/tex/latex/base/omscmr
.fd
File: omscmr.fd 1999/05/25 v2.5h Standard LaTeX font definitions
)
LaTeX Font Info:    Font shape `OMS/cmr/m/n' in size <12> not available
(Font)              Font shape `OMS/cmsy/m/n' tried instead on input line 72.

Overfull \hbox (10.18497pt too wide) in paragraph at lines 72--74
[]/cmr12/Perturbations: Stream-func-tion $/cmmi12/ []/cmr12/(/cmmi12/i; j; k/cm
r12/)$, ve-loc-ity po-ten-tial $/cmmi12/^^_[]/cmr12/(/cmmi12/i; j; k/cmr12/)$, 
tem-per-a-ture $/cmmi12/T[]/cmr12/(/cmmi12/i; j; k/cmr12/)$,
 []

! pdfTeX warning (ext4): destination with the same identifier (name{page.7}) ha
s been already used, duplicate ignored
<to be read again> 
                   \penalty 
l.85 
      [7]
! pdfTeX warning (ext4): destination with the same identifier (name{page.8}) ha
s been already used, duplicate ignored
<to be read again> 
                   \penalty 
l.130 
       [8] [9]) [10]
\openout2 = `be_modeling.aux'.

 (./be_modeling.tex
Chapter 4.
) [11



]
\openout2 = `obs.aux'.

 (./obs.tex [12



]
Chapter 5.
) [13]
\openout2 = `radiances.aux'.

 (./radiances.tex [14



]
Chapter 6.
) [15]
\openout2 = `radar.aux'.

 (./radar.tex [16



]
Chapter 7.
) [17]
\openout2 = `diagnostics.aux'.

 (./diagnostics.tex [18



]
Chapter 8.
) [19]
\openout2 = `suites.aux'.

 (./suites.tex [20



]
Chapter 9.
) [21]
\openout2 = `se.aux'.

 (./se.tex [22



]
Chapter 10.
) [23]
\openout2 = `appena.aux'.

 (./appena.tex [24



]
Appendix A.

Underfull \hbox (badness 10000) in paragraph at lines 6--8

 []

) [25]
\openout2 = `appenb.aux'.

 (./appenb.tex [26



]
Appendix B.

Underfull \hbox (badness 10000) in paragraph at lines 8--10

 []


LaTeX Warning: Reference `filter_chap' on page 27 undefined on input line 16.


LaTeX Warning: Reference `initialization_chap' on page 27 undefined on input li
ne 16.


LaTeX Warning: Reference `equation_chap' on page 27 undefined on input line 28.



LaTeX Warning: Reference `discretization_chap' on page 27 undefined on input li
ne 28.


LaTeX Warning: Reference `filter_chap' on page 27 undefined on input line 28.

[27]

LaTeX Warning: Reference `equation_chap' on page 28 undefined on input line 81.



LaTeX Warning: Reference `discretization_chap' on page 28 undefined on input li
ne 81.


LaTeX Warning: Reference `lbc_chap' on page 28 undefined on input line 81.


LaTeX Warning: Reference `nesting_chap' on page 28 undefined on input line 81.


LaTeX Warning: Reference `var_chap' on page 28 undefined on input line 81.


Underfull \vbox (badness 10000) has occurred while \output is active []

 [28]

LaTeX Warning: Reference `filter_chap' on page 29 undefined on input line 114.


LaTeX Warning: Reference `var_chap' on page 29 undefined on input line 114.


LaTeX Warning: Reference `discretization_chap' on page 29 undefined on input li
ne 125.


LaTeX Warning: Reference `filter_chap' on page 29 undefined on input line 125.


LaTeX Warning: Reference `filter_chap' on page 29 undefined on input line 126.


LaTeX Warning: Reference `equation_chap' on page 29 undefined on input line 128
.


LaTeX Warning: Reference `discretization_chap' on page 29 undefined on input li
ne 128.


LaTeX Warning: Reference `initialization_chap' on page 29 undefined on input li
ne 128.


LaTeX Warning: Reference `var_chap' on page 29 undefined on input line 128.


LaTeX Warning: Reference `lbc_chap' on page 29 undefined on input line 132.

[29]
Overfull \hbox (71.13857pt too wide) in paragraph at lines 143--154
[][] 
 []

) [30]
\openout2 = `appenc.aux'.

 (./appenc.tex
Appendix C.

Underfull \vbox (badness 10000) has occurred while \output is active []

 [31



]
[32]) [33] (./description.bbl [34


] [35]
Missing character: There is no ^^d0 in font cmr12!
Missing character: There is no ^^d0 in font cmr12!
 [36]) [37] (./description.aux
(./cover.aux) (./acknow.aux) (./intro.aux) (./minim.aux) (./gen_be.aux)
(./be_modeling.aux) (./obs.aux) (./radiances.aux) (./radar.aux)
(./diagnostics.aux) (./suites.aux) (./se.aux) (./appena.aux) (./appenb.aux)
(./appenc.aux))

LaTeX Warning: There were undefined references.

 ) 
Here is how much of TeX's memory you used:
 4288 strings out of 95314
 56617 string characters out of 1187310
 115585 words of memory out of 1565078
 7067 multiletter control sequences out of 10000+50000
 14277 words of font info for 51 fonts, out of 1000000 for 2000
 14 hyphenation exceptions out of 1000
 27i,12n,38p,1071b,290s stack positions out of 5000i,500n,6000p,200000b,40000s
 473 PDF objects out of 300000
 111 named destinations out of 131072
 297 words of extra memory for PDF output out of 65536
{/private/var/automount/usr/local/teTeX/share/texmf.tetex/dvips/tetex/bbad153
f.enc}</private/var/automount/usr/local/teTeX/share/texmf.tetex/fonts/type1/blu
esky/cm/cmsy6.pfb>{/private/var/automount/usr/local/teTeX/share/texmf.tetex/dvi
ps/tetex/aae443f0.enc}</private/var/automount/usr/local/teTeX/share/texmf.tetex
/fonts/type1/bluesky/cm/cmmi6.pfb></private/var/automount/usr/local/teTeX/share
/texmf.tetex/fonts/type1/bluesky/cm/cmex10.pfb>{/private/var/automount/usr/loca
l/teTeX/share/texmf.tetex/dvips/tetex/f7b6d320.enc}</private/var/automount/usr/
local/teTeX/share/texmf.tetex/fonts/type1/bluesky/cm/cmr8.pfb></private/var/aut
omount/usr/local/teTeX/share/texmf.tetex/fonts/type1/bluesky/cm/cmsy8.pfb></pri
vate/var/automount/usr/local/teTeX/share/texmf.tetex/fonts/type1/bluesky/cm/cms
y10.pfb></private/var/automount/usr/local/teTeX/share/texmf.tetex/fonts/type1/b
luesky/cm/cmmi8.pfb></private/var/automount/usr/local/teTeX/share/texmf.tetex/f
onts/type1/bluesky/cm/cmbx8.pfb></private/var/automount/usr/local/teTeX/share/t
exmf.tetex/fonts/type1/bluesky/cm/cmmi12.pfb>{/private/var/automount/usr/local/
teTeX/share/texmf.tetex/dvips/tetex/74afc74c.enc}</private/var/automount/usr/lo
cal/teTeX/share/texmf.tetex/fonts/type1/bluesky/cm/cmti12.pfb></private/var/aut
omount/usr/local/teTeX/share/texmf.tetex/fonts/type1/bluesky/cm/cmbx12.pfb></pr
ivate/var/automount/usr/local/teTeX/share/texmf.tetex/fonts/type1/bluesky/cm/cm
r12.pfb></private/var/automount/usr/local/teTeX/share/texmf.tetex/fonts/type1/b
luesky/cm/cmssbx10.pfb></private/var/automount/usr/local/teTeX/share/texmf.tete
x/fonts/type1/bluesky/cm/cmss12.pfb>
Output written on description.pdf (47 pages, 204784 bytes).
